<?xml version="1.0" encoding="UTF-8"?>
<!-- Generated by org.testng.reporters.JUnitReportReporter -->
<testsuite hostname="LAPTOP-CJ23D15G" name="Testng_basics.DependsonMethod" tests="4" failures="0" timestamp="20 Apr 2021 05:14:12 GMT" time="0.010" errors="0">
  <testcase name="EnterCredentials" time="0.008" classname="Testng_basics.DependsonMethod"/>
  <testcase name="testAccount" time="0.001" classname="Testng_basics.DependsonMethod"/>
  <testcase name="testLogin" time="0.000" classname="Testng_basics.DependsonMethod"/>
  <testcase name="testLogout" time="0.001" classname="Testng_basics.DependsonMethod"/>
</testsuite> <!-- Testng_basics.DependsonMethod -->
