<?xml version="1.0" encoding="UTF-8"?>
<!-- Generated by org.testng.reporters.JUnitReportReporter -->
<testsuite hostname="LAPTOP-CJ23D15G" name="Testng_basics.priority" tests="6" failures="0" timestamp="20 Apr 2021 05:33:40 GMT" time="0.011" errors="0">
  <testcase name="selenium" time="0.000" classname="Testng_basics.priority"/>
  <testcase name="selenium" time="0.001" classname="Testng_basics.priority"/>
  <testcase name="selenium" time="0.000" classname="Testng_basics.priority"/>
  <testcase name="selenium" time="0.001" classname="Testng_basics.priority"/>
  <testcase name="selenium" time="0.000" classname="Testng_basics.priority"/>
  <testcase name="day" time="0.009" classname="Testng_basics.priority"/>
</testsuite> <!-- Testng_basics.priority -->
