<?xml version="1.0" encoding="UTF-8"?>
<!-- Generated by org.testng.reporters.JUnitReportReporter -->
<testsuite hostname="LAPTOP-CJ23D15G" name="Testng_basics.groups" tests="2" failures="0" timestamp="20 Apr 2021 05:24:43 GMT" time="0.012" errors="0">
  <testcase name="testThree" time="0.000" classname="Testng_basics.groups"/>
  <testcase name="testOne" time="0.012" classname="Testng_basics.groups"/>
</testsuite> <!-- Testng_basics.groups -->
